[demos.webicode.com/html/eco-shop-html/Single_Img_Demo/index.html]
[backblue.gif]
[fade.gif]
[index.html]
[demos.webicode.com/html/eco-shop-html/Single_Img_Demo/rs-plugin/css/settings.css]
[demos.webicode.com/html/eco-shop-html/Single_Img_Demo/css/bootstrap.min.css]
[demos.webicode.com/html/eco-shop-html/Single_Img_Demo/css/font-awesome.min.css]
[demos.webicode.com/html/eco-shop-html/Single_Img_Demo/css/ionicons.min.css]
[demos.webicode.com/html/eco-shop-html/Single_Img_Demo/css/main.css]
[demos.webicode.com/html/eco-shop-html/Single_Img_Demo/css/style.css]
[demos.webicode.com/html/eco-shop-html/Single_Img_Demo/css/responsive.css]
[demos.webicode.com/html/eco-shop-html/Single_Img_Demo/js/modernizr.js]
[demos.webicode.com/html/eco-shop-html/Single_Img_Demo/images/logo.png]
[demos.webicode.com/html/eco-shop-html/Single_Img_Demo/index-1.html]
[demos.webicode.com/html/eco-shop-html/Single_Img_Demo/index-2.html]
[demos.webicode.com/html/eco-shop-html/Single_Img_Demo/index-header-1.html]
[demos.webicode.com/html/eco-shop-html/Single_Img_Demo/index-header-2.html]
[demos.webicode.com/html/eco-shop-html/Single_Img_Demo/index-header-3.html]
[demos.webicode.com/html/eco-shop-html/Single_Img_Demo/index-header-4.html]
[demos.webicode.com/html/eco-shop-html/Single_Img_Demo/shop_01.html]
[demos.webicode.com/html/eco-shop-html/Single_Img_Demo/shop_02.html]
[demos.webicode.com/html/eco-shop-html/Single_Img_Demo/shop_03.html]
[demos.webicode.com/html/eco-shop-html/Single_Img_Demo/shop_04.html]
[demos.webicode.com/html/eco-shop-html/Single_Img_Demo/product-detail_01.html]
[demos.webicode.com/html/eco-shop-html/Single_Img_Demo/product-detail_02.html]
[demos.webicode.com/html/eco-shop-html/Single_Img_Demo/shopping-cart.html]
[demos.webicode.com/html/eco-shop-html/Single_Img_Demo/checkout.html]
[demos.webicode.com/html/eco-shop-html/Single_Img_Demo/about-us_01.html]
[demos.webicode.com/html/eco-shop-html/Single_Img_Demo/about-us_02.html]
[demos.webicode.com/html/eco-shop-html/Single_Img_Demo/contact.html]
[demos.webicode.com/html/eco-shop-html/Single_Img_Demo/blog-list_01.html]
[demos.webicode.com/html/eco-shop-html/Single_Img_Demo/blog-list_02.html]
[demos.webicode.com/html/eco-shop-html/Single_Img_Demo/blog-list_03.html]
[demos.webicode.com/html/eco-shop-html/Single_Img_Demo/blog-detail_01.html]
[demos.webicode.com/html/eco-shop-html/Single_Img_Demo/images/cart-img-1.jpg]
[demos.webicode.com/html/eco-shop-html/Single_Img_Demo/images/cart-img-2.jpg]
[demos.webicode.com/html/eco-shop-html/Single_Img_Demo/images/cart-img-3.jpg]
[demos.webicode.com/html/eco-shop-html/Single_Img_Demo/images/nav-img.png]
[demos.webicode.com/html/eco-shop-html/Single_Img_Demo/images/slide-bg-1.jpg]
[demos.webicode.com/html/eco-shop-html/Single_Img_Demo/images/slide-bg-2.jpg]
[demos.webicode.com/html/eco-shop-html/Single_Img_Demo/images/item-img-1-1.jpg]
[demos.webicode.com/html/eco-shop-html/Single_Img_Demo/images/item-img-1-2.jpg]
[demos.webicode.com/html/eco-shop-html/Single_Img_Demo/images/item-img-1-3.jpg]
[demos.webicode.com/html/eco-shop-html/Single_Img_Demo/images/item-img-1-4.jpg]
[demos.webicode.com/html/eco-shop-html/Single_Img_Demo/images/item-img-1-5.jpg]
[demos.webicode.com/html/eco-shop-html/Single_Img_Demo/images/item-img-1-6.jpg]
[demos.webicode.com/html/eco-shop-html/Single_Img_Demo/images/item-img-1-7.jpg]
[demos.webicode.com/html/eco-shop-html/Single_Img_Demo/images/item-img-1-8.jpg]
[demos.webicode.com/html/eco-shop-html/Single_Img_Demo/images/product-1.jpg]
[demos.webicode.com/html/eco-shop-html/Single_Img_Demo/images/product-2.jpg]
[demos.webicode.com/html/eco-shop-html/Single_Img_Demo/images/product-3.jpg]
[demos.webicode.com/html/eco-shop-html/Single_Img_Demo/images/product-4.jpg]
[demos.webicode.com/html/eco-shop-html/Single_Img_Demo/images/testi-avatar.jpg]
[demos.webicode.com/html/eco-shop-html/Single_Img_Demo/images/logo-foot.png]
[demos.webicode.com/html/eco-shop-html/Single_Img_Demo/js/jquery-1.11.3.min.js]
[demos.webicode.com/html/eco-shop-html/Single_Img_Demo/js/bootstrap.min.js]
[demos.webicode.com/html/eco-shop-html/Single_Img_Demo/js/own-menu.js]
[demos.webicode.com/html/eco-shop-html/Single_Img_Demo/js/jquery.lighter.js]
[demos.webicode.com/html/eco-shop-html/Single_Img_Demo/js/owl.carousel.min.js]
[demos.webicode.com/html/eco-shop-html/Single_Img_Demo/rs-plugin/js/jquery.tp.t.min.js]
[demos.webicode.com/html/eco-shop-html/Single_Img_Demo/rs-plugin/js/jquery.tp.min.js]
[demos.webicode.com/html/eco-shop-html/Single_Img_Demo/index.html]
[demos.webicode.com/html/eco-shop-html/Single_Img_Demo/js/main.js]
[demos.webicode.com/html/eco-shop-html/Single_Img_Demo/rs-plugin/images/gradient/g30.png]
[demos.webicode.com/html/eco-shop-html/Single_Img_Demo/rs-plugin/images/gradient/g40.png]
[demos.webicode.com/html/eco-shop-html/Single_Img_Demo/rs-plugin/assets/shadow1.png]
[demos.webicode.com/html/eco-shop-html/Single_Img_Demo/rs-plugin/assets/shadow2.png]
[demos.webicode.com/html/eco-shop-html/Single_Img_Demo/rs-plugin/assets/shadow3.png]
[demos.webicode.com/html/eco-shop-html/Single_Img_Demo/rs-plugin/assets/gridtile.png]
[demos.webicode.com/html/eco-shop-html/Single_Img_Demo/rs-plugin/assets/gridtile_white.png]
[demos.webicode.com/html/eco-shop-html/Single_Img_Demo/rs-plugin/assets/gridtile_3x3.png]
[demos.webicode.com/html/eco-shop-html/Single_Img_Demo/rs-plugin/assets/gridtile_3x3_white.png]
[demos.webicode.com/html/eco-shop-html/Single_Img_Demo/rs-plugin/assets/boxed_bgtile.png]
[demos.webicode.com/html/eco-shop-html/Single_Img_Demo/rs-plugin/assets/navigdots_bgtile.png]
[demos.webicode.com/html/eco-shop-html/Single_Img_Demo/rs-plugin/assets/bullet.png]
[demos.webicode.com/html/eco-shop-html/Single_Img_Demo/rs-plugin/assets/bullets.png]
[demos.webicode.com/html/eco-shop-html/Single_Img_Demo/rs-plugin/assets/bullets2.png]
[demos.webicode.com/html/eco-shop-html/Single_Img_Demo/rs-plugin/assets/bullet_boxed.png]
[demos.webicode.com/html/eco-shop-html/Single_Img_Demo/rs-plugin/assets/navigdots.png]
[demos.webicode.com/html/eco-shop-html/Single_Img_Demo/rs-plugin/assets/large_left.png]
[demos.webicode.com/html/eco-shop-html/Single_Img_Demo/rs-plugin/assets/large_right.png]
[demos.webicode.com/html/eco-shop-html/Single_Img_Demo/rs-plugin/assets/small_left.png]
[demos.webicode.com/html/eco-shop-html/Single_Img_Demo/rs-plugin/assets/small_right.png]
[demos.webicode.com/html/eco-shop-html/Single_Img_Demo/rs-plugin/assets/arrow_left.png]
[demos.webicode.com/html/eco-shop-html/Single_Img_Demo/rs-plugin/assets/arrow_right.png]
[demos.webicode.com/html/eco-shop-html/Single_Img_Demo/rs-plugin/assets/small_left_boxed.png]
[demos.webicode.com/html/eco-shop-html/Single_Img_Demo/rs-plugin/assets/small_right_boxed.png]
[demos.webicode.com/html/eco-shop-html/Single_Img_Demo/rs-plugin/assets/arrowleft.png]
[demos.webicode.com/html/eco-shop-html/Single_Img_Demo/rs-plugin/assets/arrowright.png]
[demos.webicode.com/html/eco-shop-html/Single_Img_Demo/rs-plugin/assets/arrow_left2.png]
[demos.webicode.com/html/eco-shop-html/Single_Img_Demo/rs-plugin/assets/arrow_right2.png]
[demos.webicode.com/html/eco-shop-html/Single_Img_Demo/rs-plugin/assets/timer.png]
[demos.webicode.com/html/eco-shop-html/Single_Img_Demo/rs-plugin/assets/coloredbg.png]
[demos.webicode.com/html/eco-shop-html/Single_Img_Demo/rs-plugin/assets/loader.gif]
[demos.webicode.com/html/eco-shop-html/Single_Img_Demo/rs-plugin/font/revicons90c6.eot]
[demos.webicode.com/html/eco-shop-html/Single_Img_Demo/rs-plugin/font/revicons90c6.woff]
[demos.webicode.com/html/eco-shop-html/Single_Img_Demo/rs-plugin/font/revicons90c6.ttf]
[demos.webicode.com/html/eco-shop-html/Single_Img_Demo/rs-plugin/css/settings.css]
[demos.webicode.com/html/eco-shop-html/Single_Img_Demo/rs-plugin/font/revicons90c6.svg]
[demos.webicode.com/html/eco-shop-html/Single_Img_Demo/fonts/glyphicons-halflings-regular.eot]
[demos.webicode.com/html/eco-shop-html/Single_Img_Demo/fonts/glyphicons-halflings-regulard41d.eot]
[demos.webicode.com/html/eco-shop-html/Single_Img_Demo/fonts/glyphicons-halflings-regular.woff2]
[demos.webicode.com/html/eco-shop-html/Single_Img_Demo/fonts/glyphicons-halflings-regular.woff]
[demos.webicode.com/html/eco-shop-html/Single_Img_Demo/fonts/glyphicons-halflings-regular.ttf]
[demos.webicode.com/html/eco-shop-html/Single_Img_Demo/css/bootstrap.min.css]
[demos.webicode.com/html/eco-shop-html/Single_Img_Demo/fonts/glyphicons-halflings-regular.svg]
[demos.webicode.com/html/eco-shop-html/Single_Img_Demo/fonts/fontawesome-webfont93e3.eot]
[demos.webicode.com/html/eco-shop-html/Single_Img_Demo/fonts/fontawesome-webfontd41d.eot]
[demos.webicode.com/html/eco-shop-html/Single_Img_Demo/fonts/fontawesome-webfont93e3.woff2]
[demos.webicode.com/html/eco-shop-html/Single_Img_Demo/fonts/fontawesome-webfont93e3.woff]
[demos.webicode.com/html/eco-shop-html/Single_Img_Demo/fonts/fontawesome-webfont93e3.ttf]
[demos.webicode.com/html/eco-shop-html/Single_Img_Demo/css/font-awesome.min.css]
[demos.webicode.com/html/eco-shop-html/Single_Img_Demo/fonts/fontawesome-webfont93e3.svg]
[demos.webicode.com/html/eco-shop-html/Single_Img_Demo/fonts/ionicons28b5.eot]
[demos.webicode.com/html/eco-shop-html/Single_Img_Demo/fonts/ionicons28b5.ttf]
[demos.webicode.com/html/eco-shop-html/Single_Img_Demo/fonts/ionicons28b5.woff]
[demos.webicode.com/html/eco-shop-html/Single_Img_Demo/fonts/ionicons28b5.svg]
[demos.webicode.com/html/eco-shop-html/Single_Img_Demo/fonts/et-line.eot]
[demos.webicode.com/html/eco-shop-html/Single_Img_Demo/fonts/et-lined41d.eot]
[demos.webicode.com/html/eco-shop-html/Single_Img_Demo/fonts/et-line.woff]
[demos.webicode.com/html/eco-shop-html/Single_Img_Demo/fonts/et-line.ttf]
[demos.webicode.com/html/eco-shop-html/Single_Img_Demo/fonts/et-line.svg]
[demos.webicode.com/html/eco-shop-html/Single_Img_Demo/fonts/Simple-Line-Icons.eot]
[demos.webicode.com/html/eco-shop-html/Single_Img_Demo/fonts/Simple-Line-Iconsd41d.eot]
[demos.webicode.com/html/eco-shop-html/Single_Img_Demo/fonts/Simple-Line-Icons.woff]
[demos.webicode.com/html/eco-shop-html/Single_Img_Demo/fonts/Simple-Line-Icons.ttf]
[demos.webicode.com/html/eco-shop-html/Single_Img_Demo/fonts/Simple-Line-Icons.svg]
[demos.webicode.com/html/eco-shop-html/Single_Img_Demo/fonts/Linearicons-Free54e9.eot]
[demos.webicode.com/html/eco-shop-html/Single_Img_Demo/fonts/Linearicons-Freed41d.eot]
[demos.webicode.com/html/eco-shop-html/Single_Img_Demo/fonts/Linearicons-Free54e9.woff2]
[demos.webicode.com/html/eco-shop-html/Single_Img_Demo/fonts/Linearicons-Free54e9.woff]
[demos.webicode.com/html/eco-shop-html/Single_Img_Demo/fonts/Linearicons-Free54e9.ttf]
[demos.webicode.com/html/eco-shop-html/Single_Img_Demo/css/ionicons.min.css]
[demos.webicode.com/html/eco-shop-html/Single_Img_Demo/css/main.css]
[demos.webicode.com/html/eco-shop-html/Single_Img_Demo/fonts/Linearicons-Free54e9.svg]
[demos.webicode.com/html/eco-shop-html/Single_Img_Demo/fonts/montserrat-fonts.css]
[demos.webicode.com/html/eco-shop-html/Single_Img_Demo/css/animate.css]
[demos.webicode.com/html/eco-shop-html/Single_Img_Demo/images/slide-bg-3.jpg]
[demos.webicode.com/html/eco-shop-html/Single_Img_Demo/images/special-bg.jpg]
[demos.webicode.com/html/eco-shop-html/Single_Img_Demo/images/sub-bnr-bg.jpg]
[demos.webicode.com/html/eco-shop-html/Single_Img_Demo/css/style.css]
[demos.webicode.com/html/eco-shop-html/Single_Img_Demo/css/responsive.css]
[demos.webicode.com/html/eco-shop-html/Single_Img_Demo/images/logo-1.png]
[demos.webicode.com/html/eco-shop-html/Single_Img_Demo/images/slide-bg-2-1.jpg]
[demos.webicode.com/html/eco-shop-html/Single_Img_Demo/images/feature-img-1.png]
[demos.webicode.com/html/eco-shop-html/Single_Img_Demo/images/feature-img-2.png]
[demos.webicode.com/html/eco-shop-html/Single_Img_Demo/images/feature-img-3.png]
[demos.webicode.com/html/eco-shop-html/Single_Img_Demo/images/feature-img-4.png]
[demos.webicode.com/html/eco-shop-html/Single_Img_Demo/index-1.html]
[demos.webicode.com/html/eco-shop-html/Single_Img_Demo/images/logo-2.png]
[demos.webicode.com/html/eco-shop-html/Single_Img_Demo/images/new-ar-img-1.jpg]
[demos.webicode.com/html/eco-shop-html/Single_Img_Demo/images/new-ar-img-2.jpg]
[demos.webicode.com/html/eco-shop-html/Single_Img_Demo/images/new-ar-img-3.jpg]
[demos.webicode.com/html/eco-shop-html/Single_Img_Demo/images/new-ar-img-4.jpg]
[demos.webicode.com/html/eco-shop-html/Single_Img_Demo/images/shop-3-img-1.jpg]
[demos.webicode.com/html/eco-shop-html/Single_Img_Demo/images/shop-3-img-2.jpg]
[demos.webicode.com/html/eco-shop-html/Single_Img_Demo/images/shop-3-img-3.jpg]
[demos.webicode.com/html/eco-shop-html/Single_Img_Demo/images/shop-3-img-4.jpg]
[demos.webicode.com/html/eco-shop-html/Single_Img_Demo/index-2.html]
[demos.webicode.com/html/eco-shop-html/Single_Img_Demo/images/slide-bg-3-1.jpg]
[demos.webicode.com/html/eco-shop-html/Single_Img_Demo/index-header-1.html]
[demos.webicode.com/html/eco-shop-html/Single_Img_Demo/images/item-img-1-1-1.jpg]
[demos.webicode.com/html/eco-shop-html/Single_Img_Demo/images/slide-bg-2-2.jpg]
[demos.webicode.com/html/eco-shop-html/Single_Img_Demo/index-header-2.html]
[demos.webicode.com/html/eco-shop-html/Single_Img_Demo/images/slide-bg-2-3.jpg]
[demos.webicode.com/html/eco-shop-html/Single_Img_Demo/index-header-3.html]
[demos.webicode.com/html/eco-shop-html/Single_Img_Demo/index-header-4.html]
[demos.webicode.com/html/eco-shop-html/Single_Img_Demo/images/product-2-1.jpg]
[demos.webicode.com/html/eco-shop-html/Single_Img_Demo/images/product-2-2.jpg]
[demos.webicode.com/html/eco-shop-html/Single_Img_Demo/images/product-2-3.jpg]
[demos.webicode.com/html/eco-shop-html/Single_Img_Demo/images/product-2-4.jpg]
[demos.webicode.com/html/eco-shop-html/Single_Img_Demo/images/product-5.jpg]
[demos.webicode.com/html/eco-shop-html/Single_Img_Demo/images/product-6.jpg]
[demos.webicode.com/html/eco-shop-html/Single_Img_Demo/images/product-7.jpg]
[demos.webicode.com/html/eco-shop-html/Single_Img_Demo/images/product-8.jpg]
[demos.webicode.com/html/eco-shop-html/Single_Img_Demo/images/product-9.jpg]
[demos.webicode.com/html/eco-shop-html/Single_Img_Demo/images/product-10.jpg]
[demos.webicode.com/html/eco-shop-html/Single_Img_Demo/images/product-11.jpg]
[demos.webicode.com/html/eco-shop-html/Single_Img_Demo/images/product-12.jpg]
[demos.webicode.com/html/eco-shop-html/Single_Img_Demo/shop_01.html]
[demos.webicode.com/html/eco-shop-html/Single_Img_Demo/images/sidebar-bnr.jpg]
[demos.webicode.com/html/eco-shop-html/Single_Img_Demo/shop_02.html]
[demos.webicode.com/html/eco-shop-html/Single_Img_Demo/shop_03.html]
[demos.webicode.com/html/eco-shop-html/Single_Img_Demo/images/shop-img-1.jpg]
[demos.webicode.com/html/eco-shop-html/Single_Img_Demo/images/shop-img-2.jpg]
[demos.webicode.com/html/eco-shop-html/Single_Img_Demo/images/shop-img-3.jpg]
[demos.webicode.com/html/eco-shop-html/Single_Img_Demo/images/shop-img-4.jpg]
[demos.webicode.com/html/eco-shop-html/Single_Img_Demo/images/shop-img-5.jpg]
[demos.webicode.com/html/eco-shop-html/Single_Img_Demo/images/shop-img-6.jpg]
[demos.webicode.com/html/eco-shop-html/Single_Img_Demo/shop_04.html]
[demos.webicode.com/html/eco-shop-html/Single_Img_Demo/images/large-img-1.jpg]
[demos.webicode.com/html/eco-shop-html/Single_Img_Demo/images/large-img-2.jpg]
[demos.webicode.com/html/eco-shop-html/Single_Img_Demo/images/large-img-3.jpg]
[demos.webicode.com/html/eco-shop-html/Single_Img_Demo/images/avatar-1.jpg]
[demos.webicode.com/html/eco-shop-html/Single_Img_Demo/images/avatar-2.jpg]
[demos.webicode.com/html/eco-shop-html/Single_Img_Demo/product-detail_01.html]
[demos.webicode.com/html/eco-shop-html/Single_Img_Demo/images/large-img-2-1.jpg]
[demos.webicode.com/html/eco-shop-html/Single_Img_Demo/images/large-img-2-2.jpg]
[demos.webicode.com/html/eco-shop-html/Single_Img_Demo/images/large-img-2-3.jpg]
[demos.webicode.com/html/eco-shop-html/Single_Img_Demo/images/large-img-2-4.jpg]
[demos.webicode.com/html/eco-shop-html/Single_Img_Demo/product-detail_02.html]
[demos.webicode.com/html/eco-shop-html/Single_Img_Demo/shopping-cart.html]
[demos.webicode.com/html/eco-shop-html/Single_Img_Demo/checkout.html]
[demos.webicode.com/html/eco-shop-html/Single_Img_Demo/images/about-img.jpg]
[demos.webicode.com/html/eco-shop-html/Single_Img_Demo/images/cultur-img-1.jpg]
[demos.webicode.com/html/eco-shop-html/Single_Img_Demo/images/cultur-img-2.jpg]
[demos.webicode.com/html/eco-shop-html/Single_Img_Demo/images/cultur-img-3.jpg]
[demos.webicode.com/html/eco-shop-html/Single_Img_Demo/images/cultur-img-4.jpg]
[demos.webicode.com/html/eco-shop-html/Single_Img_Demo/images/video-img.jpg]
[demos.webicode.com/html/eco-shop-html/Single_Img_Demo/images/team-1.jpg]
[demos.webicode.com/html/eco-shop-html/Single_Img_Demo/images/team-2.jpg]
[demos.webicode.com/html/eco-shop-html/Single_Img_Demo/images/team-3.jpg]
[demos.webicode.com/html/eco-shop-html/Single_Img_Demo/images/team-4.jpg]
[demos.webicode.com/html/eco-shop-html/Single_Img_Demo/images/team-5.jpg]
[demos.webicode.com/html/eco-shop-html/Single_Img_Demo/images/team-6.jpg]
[demos.webicode.com/html/eco-shop-html/Single_Img_Demo/images/c-img-1.jpg]
[demos.webicode.com/html/eco-shop-html/Single_Img_Demo/images/c-img-2.jpg]
[demos.webicode.com/html/eco-shop-html/Single_Img_Demo/images/c-img-3.jpg]
[demos.webicode.com/html/eco-shop-html/Single_Img_Demo/images/c-img-4.jpg]
[demos.webicode.com/html/eco-shop-html/Single_Img_Demo/about-us_01.html]
[demos.webicode.com/html/eco-shop-html/Single_Img_Demo/images/sub-bnr-bg-1.jpg]
[demos.webicode.com/html/eco-shop-html/Single_Img_Demo/images/about-img-1.jpg]
[demos.webicode.com/html/eco-shop-html/Single_Img_Demo/images/signature.jpg]
[demos.webicode.com/html/eco-shop-html/Single_Img_Demo/images/c-mg-1.png]
[demos.webicode.com/html/eco-shop-html/Single_Img_Demo/images/c-mg-2.png]
[demos.webicode.com/html/eco-shop-html/Single_Img_Demo/images/c-mg-3.png]
[demos.webicode.com/html/eco-shop-html/Single_Img_Demo/about-us_02.html]
[demos.webicode.com/html/eco-shop-html/Single_Img_Demo/contact.html]
[demos.webicode.com/html/eco-shop-html/Single_Img_Demo/images/blog-list-img-1.jpg]
[demos.webicode.com/html/eco-shop-html/Single_Img_Demo/images/blog-list-img-2.jpg]
[demos.webicode.com/html/eco-shop-html/Single_Img_Demo/images/blog-list-img-3.jpg]
[demos.webicode.com/html/eco-shop-html/Single_Img_Demo/images/blog-list-img-4.jpg]
[demos.webicode.com/html/eco-shop-html/Single_Img_Demo/blog-list_01.html]
[demos.webicode.com/html/eco-shop-html/Single_Img_Demo/images/sm-post-1.jpg]
[demos.webicode.com/html/eco-shop-html/Single_Img_Demo/images/sm-post-2.jpg]
[demos.webicode.com/html/eco-shop-html/Single_Img_Demo/images/sm-post-3.jpg]
[demos.webicode.com/html/eco-shop-html/Single_Img_Demo/blog-list_02.html]
[demos.webicode.com/html/eco-shop-html/Single_Img_Demo/images/blog-list-img-1-2.jpg]
[demos.webicode.com/html/eco-shop-html/Single_Img_Demo/images/blog-list-img-1-3.jpg]
[demos.webicode.com/html/eco-shop-html/Single_Img_Demo/images/blog-list-img-1-4.jpg]
[demos.webicode.com/html/eco-shop-html/Single_Img_Demo/images/blog-list-img-1-5.jpg]
[demos.webicode.com/html/eco-shop-html/Single_Img_Demo/images/blog-list-img-1-6.jpg]
[demos.webicode.com/html/eco-shop-html/Single_Img_Demo/blog-list_03.html]
[demos.webicode.com/html/eco-shop-html/Single_Img_Demo/images/admin-avatar.jpg]
[demos.webicode.com/html/eco-shop-html/Single_Img_Demo/images/avatar-3.jpg]
[demos.webicode.com/html/eco-shop-html/Single_Img_Demo/blog-detail_01.html]
[demos.webicode.com/html/eco-shop-html/Single_Img_Demo/rs-plugin/font/revicons90c6.svg]
[demos.webicode.com/html/eco-shop-html/Single_Img_Demo/fonts/glyphicons-halflings-regular.svg]
[demos.webicode.com/html/eco-shop-html/Single_Img_Demo/fonts/fontawesome-webfont93e3.svg]
[demos.webicode.com/html/eco-shop-html/Single_Img_Demo/fonts/ionicons28b5.svg]
[demos.webicode.com/html/eco-shop-html/Single_Img_Demo/fonts/et-line.svg]
[demos.webicode.com/html/eco-shop-html/Single_Img_Demo/fonts/Simple-Line-Icons.svg]
[demos.webicode.com/html/eco-shop-html/Single_Img_Demo/fonts/Linearicons-Free54e9.svg]
[demos.webicode.com/html/eco-shop-html/Single_Img_Demo/fonts/montserrat-hairline-webfont.eot]
[demos.webicode.com/html/eco-shop-html/Single_Img_Demo/fonts/montserrat-hairline-webfontd41d.eot]
[demos.webicode.com/html/eco-shop-html/Single_Img_Demo/fonts/montserrat-hairline-webfont.woff2]
[demos.webicode.com/html/eco-shop-html/Single_Img_Demo/fonts/montserrat-hairline-webfont.woff]
[demos.webicode.com/html/eco-shop-html/Single_Img_Demo/fonts/montserrat-hairline-webfont.ttf]
[demos.webicode.com/html/eco-shop-html/Single_Img_Demo/fonts/montserrat-hairline-webfont.svg]
[demos.webicode.com/html/eco-shop-html/Single_Img_Demo/fonts/montserrat-light-webfont.eot]
[demos.webicode.com/html/eco-shop-html/Single_Img_Demo/fonts/montserrat-light-webfontd41d.eot]
[demos.webicode.com/html/eco-shop-html/Single_Img_Demo/fonts/montserrat-light-webfont.woff2]
[demos.webicode.com/html/eco-shop-html/Single_Img_Demo/fonts/montserrat-light-webfont.woff]
[demos.webicode.com/html/eco-shop-html/Single_Img_Demo/fonts/montserrat-light-webfont.ttf]
[demos.webicode.com/html/eco-shop-html/Single_Img_Demo/fonts/montserrat-light-webfont.svg]
[demos.webicode.com/html/eco-shop-html/Single_Img_Demo/fonts/montserrat-regular-webfont.eot]
[demos.webicode.com/html/eco-shop-html/Single_Img_Demo/fonts/montserrat-regular-webfontd41d.eot]
[demos.webicode.com/html/eco-shop-html/Single_Img_Demo/fonts/montserrat-regular-webfont.woff2]
[demos.webicode.com/html/eco-shop-html/Single_Img_Demo/fonts/montserrat-regular-webfont.woff]
[demos.webicode.com/html/eco-shop-html/Single_Img_Demo/fonts/montserrat-regular-webfont.ttf]
[demos.webicode.com/html/eco-shop-html/Single_Img_Demo/fonts/montserrat-regular-webfont.svg]
[demos.webicode.com/html/eco-shop-html/Single_Img_Demo/fonts/montserrat-bold-webfont.eot]
[demos.webicode.com/html/eco-shop-html/Single_Img_Demo/fonts/montserrat-bold-webfontd41d.eot]
[demos.webicode.com/html/eco-shop-html/Single_Img_Demo/fonts/montserrat-bold-webfont.woff2]
[demos.webicode.com/html/eco-shop-html/Single_Img_Demo/fonts/montserrat-bold-webfont.woff]
[demos.webicode.com/html/eco-shop-html/Single_Img_Demo/fonts/montserrat-bold-webfont.ttf]
[demos.webicode.com/html/eco-shop-html/Single_Img_Demo/fonts/montserrat-fonts.css]
[demos.webicode.com/html/eco-shop-html/Single_Img_Demo/css/animate.css]
[demos.webicode.com/html/eco-shop-html/Single_Img_Demo/fonts/montserrat-hairline-webfont.svg]
[demos.webicode.com/html/eco-shop-html/Single_Img_Demo/fonts/montserrat-light-webfont.svg]
[demos.webicode.com/html/eco-shop-html/Single_Img_Demo/fonts/montserrat-regular-webfont.svg]
[demos.webicode.com/html/eco-shop-html/Single_Img_Demo/fonts/montserrat-bold-webfont.svg]
[demos.webicode.com/html/eco-shop-html/Single_Img_Demo/fonts/montserrat-bold-webfont.svg]
